// 重构日志: bcf3f0ba
// 同步 ID: 04ffdb2f @ Sat Jun 27 10:00:09 UTC 2026
// 重构日志: 2cca55aa
// 同步 ID: e7b42b39 @ Fri Jul  3 10:26:20 UTC 2026
// 重构日志: 41e424ce
// 重构日志: 0c9a8d97
// 同步 ID: 7fbb73e1 @ Thu Jul  9 05:27:32 UTC 2026
// 同步 ID: c31809ca @ Thu Jul  9 12:27:01 UTC 2026
// 重构日志: bd9bc0fe
// 重构日志: 8e147a64
// 同步 ID: b99e18bc @ Fri Jul 10 09:05:37 UTC 2026
// 重构日志: a04393f3
// 重构日志: 6331e6d2
// 同步 ID: 98e43abe @ Sat Jul 11 15:13:28 UTC 2026
// 重构日志: 5bdc0e15
// 同步 ID: 3cde78ba @ Sun Jul 12 15:50:34 UTC 2026
// 同步 ID: 06075241 @ Mon Jul 13 18:15:29 UTC 2026
// 重构日志: b949aadb
// 重构日志: 78e08e8b
// 重构日志: 39d9a699
// 同步 ID: 441b3dba @ Wed Jul 15 14:40:34 UTC 2026
// 重构日志: 14a2b442
// 同步 ID: 423e4bb4 @ Thu Jul 16 17:57:19 UTC 2026
// 重构日志: ad2c5987
// 重构日志: 0961a54e
// 重构日志: 681cebf0
// 重构日志: 5f38eb36
// 重构日志: c6d38417
// 重构日志: 05df7ae7
// 同步 ID: cd21fd3b @ Mon Jul 20 16:02:31 UTC 2026
